#
# There is insufficient memory for the Java Runtime Environment to continue.
# Native memory allocation (mmap) failed to map 132120576 bytes for Failed to commit area from 0x0000000082400000 to 0x000000008a200000 of length 132120576.
# Possible reasons:
#   The system is out of physical RAM or swap space
#   The process is running with CompressedOops enabled, and the Java Heap may be blocking the growth of the native heap
# Possible solutions:
#   Reduce memory load on the system
#   Increase physical memory or swap space
#   Check if swap backing store is full
#   Decrease Java heap size (-Xmx/-Xms)
#   Decrease number of Java threads
#   Decrease Java thread stack sizes (-Xss)
#   Set larger code cache with -XX:ReservedCodeCacheSize=
# This output file may be truncated or incomplete.
#
#  Out of Memory Error (t:/workspace/open/src/hotspot/os/windows/os_windows.cpp:3301), pid=24724, tid=10128
#
# JRE version:  (13.0.2+8) (build )
# Java VM: Java HotSpot(TM) 64-Bit Server VM (13.0.2+8, mixed mode, aot, sharing, tiered, compressed oops, g1 gc, windows-amd64)
# No core dump will be written. Minidumps are not enabled by default on client versions of Windows
#

---------------  S U M M A R Y ------------

Command Line: E:\AutomationProject\target\surefire\surefirebooter12707946100953125631.jar E:\AutomationProject\target\surefire\surefire15796619385837750502tmp E:\AutomationProject\target\surefire\surefire_03753784481264428910tmp

Host: Intel(R) Core(TM) i5-8265U CPU @ 1.60GHz, 8 cores, 7G,  Windows 10 , 64 bit Build 18362 (10.0.18362.959)
Time: Thu Sep 10 16:43:14 2020 India Standard Time elapsed time: 0 seconds (0d 0h 0m 0s)

---------------  T H R E A D  ---------------

Current thread (0x000001fd0f5af800):  JavaThread "Unknown thread" [_thread_in_vm, id=10128, stack(0x0000006337300000,0x0000006337400000)]

Stack: [0x0000006337300000,0x0000006337400000]
Native frames: (J=compiled Java code, j=interpreted, Vv=VM code, C=native code)
V  [jvm.dll+0x624f9a]
V  [jvm.dll+0x770cfa]
V  [jvm.dll+0x7724af]
V  [jvm.dll+0x772ab3]
V  [jvm.dll+0x24bf08]
V  [jvm.dll+0x6222aa]
V  [jvm.dll+0x6170b5]
V  [jvm.dll+0x30a88c]
V  [jvm.dll+0x30a6c2]
V  [jvm.dll+0x30fe36]
V  [jvm.dll+0x353f46]
V  [jvm.dll+0x353720]
V  [jvm.dll+0x2e550a]
V  [jvm.dll+0x2e67a2]
V  [jvm.dll+0x74dd78]
V  [jvm.dll+0x361989]
V  [jvm.dll+0x730e65]
V  [jvm.dll+0x3cc53f]
V  [jvm.dll+0x3ce861]
C  [jli.dll+0x51ff]
C  [ucrtbase.dll+0x20e82]
C  [KERNEL32.DLL+0x17bd4]
C  [ntdll.dll+0x6ce51]


---------------  P R O C E S S  ---------------

Threads class SMR info:
_java_thread_list=0x00007fffa5b7ccb8, length=0, elements={
}

Java Threads: ( => current thread )

Other Threads:
  0x000001fd0f5f2000 GCTaskThread "GC Thread#0" [stack: 0x0000006337400000,0x0000006337500000] [id=10904]
  0x000001fd0f604000 ConcurrentGCThread "G1 Main Marker" [stack: 0x0000006337500000,0x0000006337600000] [id=30248]
  0x000001fd0f607000 ConcurrentGCThread "G1 Conc#0" [stack: 0x0000006337600000,0x0000006337700000] [id=17748]

[error occurred during error reporting (printing all threads), id 0xc0000005, EXCEPTION_ACCESS_VIOLATION (0xc0000005) at pc=0x00007fffa53b51d7]

VM state:not at safepoint (not fully initialized)

VM Mutex/Monitor currently owned by a thread:  ([mutex/lock_event])
[0x000001fd0f5aa730] Heap_lock - owner thread: 0x000001fd0f5af800

Heap address: 0x0000000082400000, size: 2012 MB, Compressed Oops mode: Non-zero based: 0x0000000082400000
Narrow klass base: 0x0000000000000000, Narrow klass shift: 0

GC Heap History (0 events):
No events

Deoptimization events (0 events):
No events

Classes unloaded (0 events):
No events

Classes redefined (0 events):
No events

Internal exceptions (0 events):
No events

Events (8 events):
Event: 0.023 Loaded shared library C:\Program Files\Java\jdk-13.0.2\bin\zip.dll
Event: 0.025 Loaded shared library C:\Program Files\Java\jdk-13.0.2\bin\jimage.dll
Event: 0.029 Loading shared library C:\Program Files\Java\jdk-13.0.2\lib\libjava.base-coop.dll failed, error code 126
Event: 0.029 Loading shared library C:\Program Files\Java\jdk-13.0.2\lib\libjava.logging-coop.dll failed, error code 126
Event: 0.029 Loading shared library C:\Program Files\Java\jdk-13.0.2\lib\libjdk.compiler-coop.dll failed, error code 126
Event: 0.030 Loading shared library C:\Program Files\Java\jdk-13.0.2\lib\libjdk.scripting.nashorn-coop.dll failed, error code 126
Event: 0.030 Loading shared library C:\Program Files\Java\jdk-13.0.2\lib\libjdk.internal.vm.ci-coop.dll failed, error code 126
Event: 0.030 Loading shared library C:\Program Files\Java\jdk-13.0.2\lib\libjdk.internal.vm.compiler-coop.dll failed, error code 126


Dynamic libraries:
0x00007ff64c670000 - 0x00007ff64c67f000 	C:\Program Files\Java\jdk-13.0.2\bin\java.exe
0x00007ffff5620000 - 0x00007ffff5810000 	C:\WINDOWS\SYSTEM32\ntdll.dll
0x00007ffff3750000 - 0x00007ffff3802000 	C:\WINDOWS\System32\KERNEL32.DLL
0x00007ffff2a10000 - 0x00007ffff2cb4000 	C:\WINDOWS\System32\KERNELBASE.dll
0x00007ffff25d0000 - 0x00007ffff26ca000 	C:\WINDOWS\System32\ucrtbase.dll
0x00007fffe91b0000 - 0x00007fffe91c5000 	C:\Program Files\Java\jdk-13.0.2\bin\VCRUNTIME140.dll
0x00007fffea1a0000 - 0x00007fffea1b8000 	C:\Program Files\Java\jdk-13.0.2\bin\jli.dll
0x00007ffff3f10000 - 0x00007ffff3fb3000 	C:\WINDOWS\System32\ADVAPI32.dll
0x00007ffff45c0000 - 0x00007ffff465e000 	C:\WINDOWS\System32\msvcrt.dll
0x00007ffff4080000 - 0x00007ffff4117000 	C:\WINDOWS\System32\sechost.dll
0x00007ffff4a20000 - 0x00007ffff4b40000 	C:\WINDOWS\System32\RPCRT4.dll
0x00007ffff3cb0000 - 0x00007ffff3e45000 	C:\WINDOWS\System32\USER32.dll
0x00007ffff2de0000 - 0x00007ffff2e01000 	C:\WINDOWS\System32\win32u.dll
0x00007fffdef00000 - 0x00007fffdf184000 	C:\WINDOWS\WinSxS\amd64_microsoft.windows.common-controls_6595b64144ccf1df_6.0.18362.1016_none_9e7a36bbe461dae4\COMCTL32.dll
0x00007ffff3810000 - 0x00007ffff3836000 	C:\WINDOWS\System32\GDI32.dll
0x00007ffff4660000 - 0x00007ffff4995000 	C:\WINDOWS\System32\combase.dll
0x00007ffff2820000 - 0x00007ffff29b6000 	C:\WINDOWS\System32\gdi32full.dll
0x00007ffff2cc0000 - 0x00007ffff2d5e000 	C:\WINDOWS\System32\msvcp_win.dll
0x00007ffff2d60000 - 0x00007ffff2de0000 	C:\WINDOWS\System32\bcryptPrimitives.dll
0x00007fffe6d50000 - 0x00007fffe6d5a000 	C:\WINDOWS\SYSTEM32\VERSION.dll
0x00007ffff55b0000 - 0x00007ffff55de000 	C:\WINDOWS\System32\IMM32.DLL
0x00007fffbe430000 - 0x00007fffbe4cb000 	C:\Program Files\Java\jdk-13.0.2\bin\msvcp140.dll
0x00007fffa50c0000 - 0x00007fffa5c1d000 	C:\Program Files\Java\jdk-13.0.2\bin\server\jvm.dll
0x00007ffff36d0000 - 0x00007ffff36d8000 	C:\WINDOWS\System32\PSAPI.DLL
0x00007fffeb6a0000 - 0x00007fffeb6c4000 	C:\WINDOWS\SYSTEM32\WINMM.dll
0x00007fffd4c20000 - 0x00007fffd4c29000 	C:\WINDOWS\SYSTEM32\WSOCK32.dll
0x00007ffff4210000 - 0x00007ffff427f000 	C:\WINDOWS\System32\WS2_32.dll
0x00007fffeb670000 - 0x00007fffeb69d000 	C:\WINDOWS\SYSTEM32\WINMMBASE.dll
0x00007ffff29c0000 - 0x00007ffff2a0a000 	C:\WINDOWS\System32\cfgmgr32.dll
0x00007ffff2500000 - 0x00007ffff2511000 	C:\WINDOWS\System32\kernel.appcore.dll
0x00007fffeb810000 - 0x00007fffeb820000 	C:\Program Files\Java\jdk-13.0.2\bin\verify.dll
0x00007ffff0df0000 - 0x00007ffff0fe4000 	C:\WINDOWS\SYSTEM32\DBGHELP.DLL
0x00007fffe3310000 - 0x00007fffe333a000 	C:\WINDOWS\SYSTEM32\dbgcore.DLL
0x00007fffd8800000 - 0x00007fffd8826000 	C:\Program Files\Java\jdk-13.0.2\bin\java.dll
0x00007fffea010000 - 0x00007fffea027000 	C:\Program Files\Java\jdk-13.0.2\bin\zip.dll
0x00007fffe8190000 - 0x00007fffe819a000 	C:\Program Files\Java\jdk-13.0.2\bin\jimage.dll

dbghelp: loaded successfully - version: 4.0.5 - missing functions: none
symbol engine: initialized successfully - sym options: 0x614 - pdb path: .;C:\Program Files\Java\jdk-13.0.2\bin;C:\WINDOWS\SYSTEM32;C:\WINDOWS\WinSxS\amd64_microsoft.windows.common-controls_6595b64144ccf1df_6.0.18362.1016_none_9e7a36bbe461dae4;C:\Program Files\Java\jdk-13.0.2\bin\server

VM Arguments:
java_command: E:\AutomationProject\target\surefire\surefirebooter12707946100953125631.jar E:\AutomationProject\target\surefire\surefire15796619385837750502tmp E:\AutomationProject\target\surefire\surefire_03753784481264428910tmp
java_class_path (initial): E:\AutomationProject\target\surefire\surefirebooter12707946100953125631.jar
Launcher Type: SUN_STANDARD

[Global flags]
     intx CICompilerCount                          = 4                                         {product} {ergonomic}
     uint ConcGCThreads                            = 2                                         {product} {ergonomic}
     uint G1ConcRefinementThreads                  = 8                                         {product} {ergonomic}
   size_t G1HeapRegionSize                         = 1048576                                   {product} {ergonomic}
    uintx GCDrainStackTargetSize                   = 64                                        {product} {ergonomic}
   size_t InitialHeapSize                          = 132120576                                 {product} {ergonomic}
   size_t MarkStackSize                            = 4194304                                   {product} {ergonomic}
   size_t MaxHeapSize                              = 2109734912                                {product} {ergonomic}
   size_t MinHeapDeltaBytes                        = 1048576                                   {product} {ergonomic}
   size_t MinHeapSize                              = 8388608                                   {product} {ergonomic}
    uintx NonNMethodCodeHeapSize                   = 5839372                                {pd product} {ergonomic}
    uintx NonProfiledCodeHeapSize                  = 122909434                              {pd product} {ergonomic}
    uintx ProfiledCodeHeapSize                     = 122909434                              {pd product} {ergonomic}
    uintx ReservedCodeCacheSize                    = 251658240                              {pd product} {ergonomic}
     bool SegmentedCodeCache                       = true                                      {product} {ergonomic}
   size_t SoftMaxHeapSize                          = 2109734912                             {manageable} {ergonomic}
     bool UseCompressedClassPointers               = true                                 {lp64_product} {ergonomic}
     bool UseCompressedOops                        = true                                 {lp64_product} {ergonomic}
     bool UseG1GC                                  = true                                      {product} {ergonomic}
     bool UseLargePagesIndividualAllocation        = false                                  {pd product} {ergonomic}

Logging:
Log output configuration:
 #0: stdout all=warning uptime,level,tags
 #1: stderr all=off uptime,level,tags

Environment Variables:
JAVA_HOME=C:\Program Files\Java\jdk-13.0.2
PATH=C:/Program Files/Java/jdk-13.0.2/bin/server;C:/Program Files/Java/jdk-13.0.2/bin;C:\Python38\Scripts\;C:\Python38\;C:\Program Files (x86)\Intel\Intel(R) Management Engine Components\iCLS\;C:\Program Files\Intel\Intel(R) Management Engine Components\iCLS\;C:\Windows\system32;C:\Windows;C:\Windows\System32\Wbem;C:\Windows\System32\WindowsPowerShell\v1.0\;C:\Windows\System32\OpenSSH\;C:\Program Files (x86)\Intel\Intel(R) Management Engine Components\DAL;C:\Program Files\Intel\Intel(R) Management Engine Components\DAL;C:\Program Files\Intel\WiFi\bin\;C:\Program Files\Common Files\Intel\WirelessCommon\;C:\Program Files (x86)\NVIDIA Corporation\PhysX\Common;C:\WINDOWS\system32;C:\WINDOWS;C:\WINDOWS\System32\Wbem;C:\WINDOWS\System32\WindowsPowerShell\v1.0\;C:\WINDOWS\System32\OpenSSH\;C:\Program Files\Java\jdk-13.0.2\bin\;C:\Users\mahal\AppData\Local\Android\Sdk\build-tools;C:\Users\mahal\AppData\Local\Android\Sdk\platform-tools;C:\Users\mahal\AppData\Local\Android\Sdk\tools;C:\Users\mahal\AppData\Local\Android\Sdk\tools\bin;C:\Program Files\curl-7.71.1-win64-mingw\bin;C:\Program Files\CMake\bin;C:\Program Files\PowerShell\7\;C:\ProgramData\chocolatey\bin;C:\tools\opencv\build\x64\vc15\bin;C:\tools\opencv\sources\include\opencv2\;C:\tools\opencv\build\x64\vc15\lib;C:\tools\opencv\build\x64\vc14\lib;C:\Program Files\Git\cmd;C:\tools\opencv\build\x64\vc15\bin;C:\tools\opencv\build\x64\vc14\bin;C:\Program Files\nodejs\;C:\Users\mahal\.windows-build-tools\python27\;C:\Users\mahal\.windows-build-tools\python27\;C:\Users\mahal\.windows-build-tools\python27\;C:\Users\mahal\.windows-build-tools\python27\;C:\Users\mahal\.windows-build-tools\python27\;C:\Users\mahal\AppData\Local\Microsoft\WindowsApps;C:\tools\opencv\build\include\opencv2\;C:\tools\opencv\build\x64\vc15\lib\;C:\Users\mahal\AppData\Roaming\npm;C:\WINDOWS\System32;
USERNAME=mahal
OS=Windows_NT
PROCESSOR_IDENTIFIER=Intel64 Family 6 Model 142 Stepping 11, GenuineIntel



---------------  S Y S T E M  ---------------

OS: Windows 10 , 64 bit Build 18362 (10.0.18362.959)

CPU:total 8 (initial active 8) (4 cores per cpu, 2 threads per core) family 6 model 142 stepping 11, cmov, cx8, fxsr, mmx, sse, sse2, sse3, ssse3, sse4.1, sse4.2, popcnt, avx, avx2, aes, clmul, erms, 3dnowpref, lzcnt, ht, tsc, tscinvbit, bmi1, bmi2, adx, fma

Memory: 4k page, system-wide physical 8042M (516M free)
TotalPageFile size 20842M (AvailPageFile size 100M)
current process WorkingSet (physical memory assigned to process): 10M, peak: 10M
current process commit charge ("private bytes"): 60M, peak: 186M

vm_info: Java HotSpot(TM) 64-Bit Server VM (13.0.2+8) for windows-amd64 JRE (13.0.2+8), built on Dec 11 2019 09:20:33 by "mach5one" with unknown MS VC++:1916

END.
