2020-10-14 22:48:45 INFO  BaseStep:21 - -------------NEW SCENARIO STARTED-----------------------
2020-10-14 22:48:45 INFO  BaseStep:23 - SCENARIO NAME : Test Case-7 Validate Home Screen Collection Trays for Guest User
2020-10-14 22:52:20 INFO  BaseStep:21 - -------------NEW SCENARIO STARTED-----------------------
2020-10-14 22:52:20 INFO  BaseStep:23 - SCENARIO NAME : Test Case-7 Validate Home Screen Collection Trays for Guest User
2020-10-14 22:55:16 INFO  BaseStep:21 - -------------NEW SCENARIO STARTED-----------------------
2020-10-14 22:55:16 INFO  BaseStep:23 - SCENARIO NAME : Test Case-1 Verify Spalsh Screen
2020-10-14 22:55:35 INFO  BaseStep:21 - -------------NEW SCENARIO STARTED-----------------------
2020-10-14 22:55:35 INFO  BaseStep:23 - SCENARIO NAME : Test Case-2 Validate WelCome Screen
2020-10-14 22:55:46 INFO  BaseStep:21 - -------------NEW SCENARIO STARTED-----------------------
2020-10-14 22:55:46 INFO  BaseStep:23 - SCENARIO NAME : Test Case-3 Validate Home Screen as Guest User By Clicking Skip Button and get App Version
2020-10-14 22:56:14 INFO  BaseStep:21 - -------------NEW SCENARIO STARTED-----------------------
2020-10-14 22:56:14 INFO  BaseStep:23 - SCENARIO NAME : Test Case-4 Validate Home Screen as Guest User By Pressing RCU Back Button
2020-10-14 22:56:32 INFO  BaseStep:21 - -------------NEW SCENARIO STARTED-----------------------
2020-10-14 22:56:32 INFO  BaseStep:23 - SCENARIO NAME : Test Case-5 Validate Search Screen
2020-10-14 22:56:52 INFO  BaseStep:21 - -------------NEW SCENARIO STARTED-----------------------
2020-10-14 22:56:52 INFO  BaseStep:23 - SCENARIO NAME : Test Case-6 Verify Search Shows in Search Screen as Guest User
2020-10-14 22:57:36 INFO  BaseStep:21 - -------------NEW SCENARIO STARTED-----------------------
2020-10-14 22:57:36 INFO  BaseStep:23 - SCENARIO NAME : Test Case-7 Validate Home Screen Collection Trays for Guest User
2020-10-14 22:59:09 INFO  BaseStep:21 - -------------NEW SCENARIO STARTED-----------------------
2020-10-14 22:59:09 INFO  BaseStep:23 - SCENARIO NAME : Test Case-8 Validate Shows Screen Collection Trays for Guest User
2020-10-14 23:00:29 INFO  BaseStep:21 - -------------NEW SCENARIO STARTED-----------------------
2020-10-14 23:00:29 INFO  BaseStep:23 - SCENARIO NAME : Test Case-9 Validate Movies Screen Collection Trays for Guest User
2020-10-14 23:01:50 INFO  BaseStep:21 - -------------NEW SCENARIO STARTED-----------------------
2020-10-14 23:01:50 INFO  BaseStep:23 - SCENARIO NAME : Test Case-10 Validate News Screen Collection Trays for Guest User
2020-10-14 23:03:04 INFO  BaseStep:21 - -------------NEW SCENARIO STARTED-----------------------
2020-10-14 23:03:04 INFO  BaseStep:23 - SCENARIO NAME : Test Case-11 Validate Premium Screen Collection Trays for Guest User
2020-10-14 23:04:09 INFO  BaseStep:21 - -------------NEW SCENARIO STARTED-----------------------
2020-10-14 23:04:09 INFO  BaseStep:23 - SCENARIO NAME : Test Case-12 Validate Videos Screen Collection Trays for Guest User
2020-10-14 23:05:48 INFO  BaseStep:21 - -------------NEW SCENARIO STARTED-----------------------
2020-10-14 23:05:48 INFO  BaseStep:23 - SCENARIO NAME : Test Case-13 Verify My Plan Screen for Guest User
2020-10-14 23:06:26 INFO  BaseStep:21 - -------------NEW SCENARIO STARTED-----------------------
2020-10-14 23:06:26 INFO  BaseStep:23 - SCENARIO NAME : TestCase-14 Verify Before TV Pop Up on Clicking BeforeTV Episode for Guest User
2020-10-14 23:07:35 INFO  BaseStep:21 - -------------NEW SCENARIO STARTED-----------------------
2020-10-14 23:07:35 INFO  BaseStep:23 - SCENARIO NAME : TestCase-15 Verify Before TV Pop Up on Clicking BeforeTV Episode for Unsubscribed User
2020-10-14 23:09:31 INFO  BaseStep:21 - -------------NEW SCENARIO STARTED-----------------------
2020-10-14 23:09:31 INFO  BaseStep:23 - SCENARIO NAME : Test Case-16 Login as Subscribed User
2020-10-14 23:10:27 INFO  BaseStep:21 - -------------NEW SCENARIO STARTED-----------------------
2020-10-14 23:10:27 INFO  BaseStep:23 - SCENARIO NAME : Test Case-17 Verify Login Pop Up on Click of Premium Content for Guest User
2020-10-14 23:11:18 INFO  BaseStep:21 - -------------NEW SCENARIO STARTED-----------------------
2020-10-14 23:11:18 INFO  BaseStep:23 - SCENARIO NAME : Test Case-18 Verify Authentication Screen On Click of Login Pop Up of Premium Content for Guest User
2020-10-14 23:12:17 INFO  BaseStep:21 - -------------NEW SCENARIO STARTED-----------------------
2020-10-14 23:12:17 INFO  BaseStep:23 - SCENARIO NAME : TestCase-19 Verify Before TV Pop Up on Auto Play for Guest User
2020-10-14 23:14:03 INFO  BaseStep:21 - -------------NEW SCENARIO STARTED-----------------------
2020-10-14 23:14:03 INFO  BaseStep:23 - SCENARIO NAME : TestCase-20 Verify Player Controls,Metadata,Seekbar,Settings and Reco button in Player for Guest User
2020-10-14 23:15:52 INFO  BaseStep:21 - -------------NEW SCENARIO STARTED-----------------------
2020-10-14 23:15:52 INFO  BaseStep:23 - SCENARIO NAME : Test Case-21 Login as Subscribed User and Logout
2020-10-14 23:16:58 INFO  BaseStep:21 - -------------NEW SCENARIO STARTED-----------------------
2020-10-14 23:16:58 INFO  BaseStep:23 - SCENARIO NAME : TestCase-22 Verify Add Watchlist for Unsubscribed User
2020-10-14 23:18:34 INFO  BaseStep:21 - -------------NEW SCENARIO STARTED-----------------------
2020-10-14 23:18:34 INFO  BaseStep:23 - SCENARIO NAME : TestCase-23 Verify Live TV Channel Playback for Guest User
2020-10-14 23:19:18 INFO  BaseStep:21 - -------------NEW SCENARIO STARTED-----------------------
2020-10-14 23:19:18 INFO  BaseStep:23 - SCENARIO NAME : TestCase-24 Verify Auto Play Screen and Auto Play Content for Guest User
2020-10-14 23:21:30 INFO  BaseStep:21 - -------------NEW SCENARIO STARTED-----------------------
2020-10-14 23:21:30 INFO  BaseStep:23 - SCENARIO NAME : TestCase-25 Verify Cancel in Auto Play Screen for Guest User
2020-10-14 23:23:03 INFO  BaseStep:21 - -------------NEW SCENARIO STARTED-----------------------
2020-10-14 23:23:03 INFO  BaseStep:23 - SCENARIO NAME : TestCase-27 Verify Show Call out Pop up on Back Press during content Playback and Verify Content language gets added
2020-10-14 23:25:07 INFO  BaseStep:21 - -------------NEW SCENARIO STARTED-----------------------
2020-10-14 23:25:07 INFO  BaseStep:23 - SCENARIO NAME : Test Case-28 Verify Home Screen after changing Display language as Tamil for Guest User
2020-10-14 23:26:16 INFO  BaseStep:21 - -------------NEW SCENARIO STARTED-----------------------
2020-10-14 23:26:16 INFO  BaseStep:23 - SCENARIO NAME : Test Case-29 Verify Home Screen after changing Display language as Hindi for Guest User
2020-10-14 23:27:29 INFO  BaseStep:21 - -------------NEW SCENARIO STARTED-----------------------
2020-10-14 23:27:29 INFO  BaseStep:23 - SCENARIO NAME : Test Case-30 Verify Active Plans for Subscribed Users
2020-10-14 23:28:47 INFO  BaseStep:21 - -------------NEW SCENARIO STARTED-----------------------
2020-10-14 23:28:47 INFO  BaseStep:23 - SCENARIO NAME : Test Case-31 Verify Renew Plans for Unsubscribed Users
2020-10-14 23:30:40 INFO  BaseStep:21 - -------------NEW SCENARIO STARTED-----------------------
2020-10-14 23:30:40 INFO  BaseStep:23 - SCENARIO NAME : Test Case-32 Verify Expired Plans for UnSubscribed Users
2020-10-14 23:31:58 INFO  BaseStep:21 - -------------NEW SCENARIO STARTED-----------------------
2020-10-14 23:31:58 INFO  BaseStep:23 - SCENARIO NAME : Test Case-33 Verify Contact Us Screen and Submitt for Subscribed Users
2020-10-14 23:33:32 INFO  BaseStep:21 - -------------NEW SCENARIO STARTED-----------------------
2020-10-14 23:33:32 INFO  BaseStep:23 - SCENARIO NAME : Test Case-34 Verify FAQ's, About Us, Terms of Use, Privacy Policy Screen for Subscribed Users
2020-10-14 23:35:14 INFO  BaseStep:21 - -------------NEW SCENARIO STARTED-----------------------
2020-10-14 23:35:14 INFO  BaseStep:23 - SCENARIO NAME : Test Case-35 Validate Get Premium button in Carousel Banner for Guest User
2020-10-14 23:35:38 INFO  BaseStep:21 - -------------NEW SCENARIO STARTED-----------------------
2020-10-14 23:35:38 INFO  BaseStep:23 - SCENARIO NAME : Test Case-36 Exit the App By Pressing Back button
2020-10-14 23:36:09 INFO  BaseStep:21 - -------------NEW SCENARIO STARTED-----------------------
2020-10-14 23:36:09 INFO  BaseStep:23 - SCENARIO NAME : TestCase-37 Verify Seasons Displaying for Premium Shows
2020-10-15 10:17:14 INFO  BaseStep:21 - -------------NEW SCENARIO STARTED-----------------------
2020-10-15 10:17:14 INFO  BaseStep:23 - SCENARIO NAME : Test Case-1 Verify Spalsh Screen
2020-10-15 10:18:13 INFO  BaseStep:21 - -------------NEW SCENARIO STARTED-----------------------
2020-10-15 10:18:13 INFO  BaseStep:23 - SCENARIO NAME : Test Case-2 Validate WelCome Screen
2020-10-15 10:18:31 INFO  BaseStep:21 - -------------NEW SCENARIO STARTED-----------------------
2020-10-15 10:18:31 INFO  BaseStep:23 - SCENARIO NAME : Test Case-3 Validate Home Screen as Guest User By Clicking Skip Button and get App Version
2020-10-15 10:19:16 INFO  BaseStep:21 - -------------NEW SCENARIO STARTED-----------------------
2020-10-15 10:19:16 INFO  BaseStep:23 - SCENARIO NAME : Test Case-4 Validate Home Screen as Guest User By Pressing RCU Back Button
2020-10-15 10:19:57 INFO  BaseStep:21 - -------------NEW SCENARIO STARTED-----------------------
2020-10-15 10:19:57 INFO  BaseStep:23 - SCENARIO NAME : Test Case-5 Validate Search Screen
2020-10-15 10:20:30 INFO  BaseStep:21 - -------------NEW SCENARIO STARTED-----------------------
2020-10-15 10:20:30 INFO  BaseStep:23 - SCENARIO NAME : Test Case-6 Verify Search Shows in Search Screen as Guest User
2020-10-15 10:22:00 INFO  BaseStep:21 - -------------NEW SCENARIO STARTED-----------------------
2020-10-15 10:22:00 INFO  BaseStep:23 - SCENARIO NAME : Test Case-7 Validate Home Screen Collection Trays for Guest User
2020-10-15 10:23:02 INFO  BaseStep:21 - -------------NEW SCENARIO STARTED-----------------------
2020-10-15 10:23:02 INFO  BaseStep:23 - SCENARIO NAME : Test Case-8 Validate Shows Screen Collection Trays for Guest User
2020-10-15 10:25:20 INFO  BaseStep:21 - -------------NEW SCENARIO STARTED-----------------------
2020-10-15 10:25:20 INFO  BaseStep:23 - SCENARIO NAME : Test Case-9 Validate Movies Screen Collection Trays for Guest User
2020-10-15 10:26:00 INFO  BaseStep:21 - -------------NEW SCENARIO STARTED-----------------------
2020-10-15 10:26:00 INFO  BaseStep:23 - SCENARIO NAME : Test Case-10 Validate News Screen Collection Trays for Guest User
2020-10-15 10:26:40 INFO  BaseStep:21 - -------------NEW SCENARIO STARTED-----------------------
2020-10-15 10:26:40 INFO  BaseStep:23 - SCENARIO NAME : Test Case-11 Validate Premium Screen Collection Trays for Guest User
2020-10-15 10:27:23 INFO  BaseStep:21 - -------------NEW SCENARIO STARTED-----------------------
2020-10-15 10:27:23 INFO  BaseStep:23 - SCENARIO NAME : Test Case-12 Validate Videos Screen Collection Trays for Guest User
2020-10-15 10:27:48 INFO  BaseStep:21 - -------------NEW SCENARIO STARTED-----------------------
2020-10-15 10:27:48 INFO  BaseStep:23 - SCENARIO NAME : Test Case-13 Verify My Plan Screen for Guest User
2020-10-15 10:27:48 INFO  BaseStep:21 - -------------NEW SCENARIO STARTED-----------------------
2020-10-15 10:27:48 INFO  BaseStep:23 - SCENARIO NAME : TestCase-14 Verify Before TV Pop Up on Clicking BeforeTV Episode for Guest User
2020-10-15 10:27:48 INFO  BaseStep:21 - -------------NEW SCENARIO STARTED-----------------------
2020-10-15 10:27:48 INFO  BaseStep:23 - SCENARIO NAME : TestCase-15 Verify Before TV Pop Up on Clicking BeforeTV Episode for Unsubscribed User
2020-10-15 10:27:48 INFO  BaseStep:21 - -------------NEW SCENARIO STARTED-----------------------
2020-10-15 10:27:48 INFO  BaseStep:23 - SCENARIO NAME : Test Case-16 Login as Subscribed User
2020-10-15 10:27:49 INFO  BaseStep:21 - -------------NEW SCENARIO STARTED-----------------------
2020-10-15 10:27:49 INFO  BaseStep:23 - SCENARIO NAME : Test Case-17 Verify Login Pop Up on Click of Premium Content for Guest User
2020-10-15 10:27:49 INFO  BaseStep:21 - -------------NEW SCENARIO STARTED-----------------------
2020-10-15 10:27:49 INFO  BaseStep:23 - SCENARIO NAME : Test Case-18 Verify Authentication Screen On Click of Login Pop Up of Premium Content for Guest User
2020-10-15 10:27:49 INFO  BaseStep:21 - -------------NEW SCENARIO STARTED-----------------------
2020-10-15 10:27:49 INFO  BaseStep:23 - SCENARIO NAME : TestCase-19 Verify Before TV Pop Up on Auto Play for Guest User
2020-10-15 10:27:49 INFO  BaseStep:21 - -------------NEW SCENARIO STARTED-----------------------
2020-10-15 10:27:49 INFO  BaseStep:23 - SCENARIO NAME : TestCase-20 Verify Player Controls,Metadata,Seekbar,Settings and Reco button in Player for Guest User
2020-10-15 10:27:49 INFO  BaseStep:21 - -------------NEW SCENARIO STARTED-----------------------
2020-10-15 10:27:49 INFO  BaseStep:23 - SCENARIO NAME : Test Case-21 Login as Subscribed User and Logout
2020-10-15 10:27:49 INFO  BaseStep:21 - -------------NEW SCENARIO STARTED-----------------------
2020-10-15 10:27:49 INFO  BaseStep:23 - SCENARIO NAME : TestCase-22 Verify Add Watchlist for Unsubscribed User
2020-10-15 10:27:50 INFO  BaseStep:21 - -------------NEW SCENARIO STARTED-----------------------
2020-10-15 10:27:50 INFO  BaseStep:23 - SCENARIO NAME : TestCase-23 Verify Live TV Channel Playback for Guest User
2020-10-15 10:27:50 INFO  BaseStep:21 - -------------NEW SCENARIO STARTED-----------------------
2020-10-15 10:27:50 INFO  BaseStep:23 - SCENARIO NAME : TestCase-24 Verify Auto Play Screen and Auto Play Content for Guest User
2020-10-15 10:27:50 INFO  BaseStep:21 - -------------NEW SCENARIO STARTED-----------------------
2020-10-15 10:27:50 INFO  BaseStep:23 - SCENARIO NAME : TestCase-25 Verify Cancel in Auto Play Screen for Guest User
2020-10-15 10:27:50 INFO  BaseStep:21 - -------------NEW SCENARIO STARTED-----------------------
2020-10-15 10:27:50 INFO  BaseStep:23 - SCENARIO NAME : TestCase-27 Verify Show Call out Pop up on Back Press during content Playback and Verify Content language gets added
2020-10-15 10:27:50 INFO  BaseStep:21 - -------------NEW SCENARIO STARTED-----------------------
2020-10-15 10:27:50 INFO  BaseStep:23 - SCENARIO NAME : Test Case-28 Verify Home Screen after changing Display language as Tamil for Guest User
2020-10-15 10:27:51 INFO  BaseStep:21 - -------------NEW SCENARIO STARTED-----------------------
2020-10-15 10:27:51 INFO  BaseStep:23 - SCENARIO NAME : Test Case-29 Verify Home Screen after changing Display language as Hindi for Guest User
2020-10-15 10:27:51 INFO  BaseStep:21 - -------------NEW SCENARIO STARTED-----------------------
2020-10-15 10:27:51 INFO  BaseStep:23 - SCENARIO NAME : Test Case-30 Verify Active Plans for Subscribed Users
2020-10-15 10:27:51 INFO  BaseStep:21 - -------------NEW SCENARIO STARTED-----------------------
2020-10-15 10:27:51 INFO  BaseStep:23 - SCENARIO NAME : Test Case-31 Verify Renew Plans for Unsubscribed Users
2020-10-15 10:27:51 INFO  BaseStep:21 - -------------NEW SCENARIO STARTED-----------------------
2020-10-15 10:27:51 INFO  BaseStep:23 - SCENARIO NAME : Test Case-32 Verify Expired Plans for UnSubscribed Users
2020-10-15 10:27:51 INFO  BaseStep:21 - -------------NEW SCENARIO STARTED-----------------------
2020-10-15 10:27:51 INFO  BaseStep:23 - SCENARIO NAME : Test Case-33 Verify Contact Us Screen and Submitt for Subscribed Users
2020-10-15 10:27:51 INFO  BaseStep:21 - -------------NEW SCENARIO STARTED-----------------------
2020-10-15 10:27:51 INFO  BaseStep:23 - SCENARIO NAME : Test Case-34 Verify FAQ's, About Us, Terms of Use, Privacy Policy Screen for Subscribed Users
2020-10-15 10:27:52 INFO  BaseStep:21 - -------------NEW SCENARIO STARTED-----------------------
2020-10-15 10:27:52 INFO  BaseStep:23 - SCENARIO NAME : Test Case-35 Validate Get Premium button in Carousel Banner for Guest User
2020-10-15 10:27:52 INFO  BaseStep:21 - -------------NEW SCENARIO STARTED-----------------------
2020-10-15 10:27:52 INFO  BaseStep:23 - SCENARIO NAME : Test Case-36 Exit the App By Pressing Back button
2020-10-15 10:27:52 INFO  BaseStep:21 - -------------NEW SCENARIO STARTED-----------------------
2020-10-15 10:27:52 INFO  BaseStep:23 - SCENARIO NAME : TestCase-37 Verify Seasons Displaying for Premium Shows
2020-10-15 10:27:52 INFO  BaseStep:21 - -------------NEW SCENARIO STARTED-----------------------
2020-10-15 10:27:52 INFO  BaseStep:23 - SCENARIO NAME : Test Case-38 Verify Search Page Translation after changing Display language as Kannada for Guest User
2020-10-15 10:27:52 INFO  BaseStep:21 - -------------NEW SCENARIO STARTED-----------------------
2020-10-15 10:27:52 INFO  BaseStep:23 - SCENARIO NAME : Test Case-39 Validate All Channels Screen for Guest User
2020-10-15 10:35:27 INFO  BaseStep:21 - -------------NEW SCENARIO STARTED-----------------------
2020-10-15 10:35:27 INFO  BaseStep:23 - SCENARIO NAME : Test Case-1 Verify Spalsh Screen
2020-10-15 10:36:19 INFO  BaseStep:21 - -------------NEW SCENARIO STARTED-----------------------
2020-10-15 10:36:19 INFO  BaseStep:23 - SCENARIO NAME : Test Case-2 Validate WelCome Screen
2020-10-15 10:38:15 INFO  BaseStep:21 - -------------NEW SCENARIO STARTED-----------------------
2020-10-15 10:38:15 INFO  BaseStep:23 - SCENARIO NAME : Test Case-3 Validate Home Screen as Guest User By Clicking Skip Button and get App Version
2020-10-15 10:40:10 INFO  BaseStep:21 - -------------NEW SCENARIO STARTED-----------------------
2020-10-15 10:40:10 INFO  BaseStep:23 - SCENARIO NAME : Test Case-4 Validate Home Screen as Guest User By Pressing RCU Back Button
2020-10-15 10:42:04 INFO  BaseStep:21 - -------------NEW SCENARIO STARTED-----------------------
2020-10-15 10:42:04 INFO  BaseStep:23 - SCENARIO NAME : Test Case-5 Validate Search Screen
2020-10-15 10:43:59 INFO  BaseStep:21 - -------------NEW SCENARIO STARTED-----------------------
2020-10-15 10:43:59 INFO  BaseStep:23 - SCENARIO NAME : Test Case-6 Verify Search Shows in Search Screen as Guest User
2020-10-15 10:45:53 INFO  BaseStep:21 - -------------NEW SCENARIO STARTED-----------------------
2020-10-15 10:45:53 INFO  BaseStep:23 - SCENARIO NAME : Test Case-7 Validate Home Screen Collection Trays for Guest User
2020-10-15 10:49:17 INFO  BaseStep:21 - -------------NEW SCENARIO STARTED-----------------------
2020-10-15 10:49:17 INFO  BaseStep:23 - SCENARIO NAME : Test Case-8 Validate Shows Screen Collection Trays for Guest User
2020-10-15 10:51:07 INFO  BaseStep:21 - -------------NEW SCENARIO STARTED-----------------------
2020-10-15 10:51:07 INFO  BaseStep:23 - SCENARIO NAME : Test Case-9 Validate Movies Screen Collection Trays for Guest User
2020-10-15 10:52:48 INFO  BaseStep:21 - -------------NEW SCENARIO STARTED-----------------------
2020-10-15 10:52:48 INFO  BaseStep:23 - SCENARIO NAME : Test Case-10 Validate News Screen Collection Trays for Guest User
2020-10-15 10:58:11 INFO  BaseStep:21 - -------------NEW SCENARIO STARTED-----------------------
2020-10-15 10:58:11 INFO  BaseStep:23 - SCENARIO NAME : Test Case-1 Verify Spalsh Screen
2020-10-15 10:58:13 INFO  BaseStep:21 - -------------NEW SCENARIO STARTED-----------------------
2020-10-15 10:58:13 INFO  BaseStep:23 - SCENARIO NAME : Test Case-2 Validate WelCome Screen
2020-10-15 10:58:13 INFO  BaseStep:21 - -------------NEW SCENARIO STARTED-----------------------
2020-10-15 10:58:13 INFO  BaseStep:23 - SCENARIO NAME : Test Case-3 Validate Home Screen as Guest User By Clicking Skip Button and get App Version
2020-10-15 10:58:13 INFO  BaseStep:21 - -------------NEW SCENARIO STARTED-----------------------
2020-10-15 10:58:13 INFO  BaseStep:23 - SCENARIO NAME : Test Case-4 Validate Home Screen as Guest User By Pressing RCU Back Button
2020-10-15 10:58:13 INFO  BaseStep:21 - -------------NEW SCENARIO STARTED-----------------------
2020-10-15 10:58:13 INFO  BaseStep:23 - SCENARIO NAME : Test Case-5 Validate Search Screen
2020-10-15 10:58:13 INFO  BaseStep:21 - -------------NEW SCENARIO STARTED-----------------------
2020-10-15 10:58:13 INFO  BaseStep:23 - SCENARIO NAME : Test Case-6 Verify Search Shows in Search Screen as Guest User
2020-10-15 10:58:13 INFO  BaseStep:21 - -------------NEW SCENARIO STARTED-----------------------
2020-10-15 10:58:13 INFO  BaseStep:23 - SCENARIO NAME : Test Case-7 Validate Home Screen Collection Trays for Guest User
2020-10-15 10:58:13 INFO  BaseStep:21 - -------------NEW SCENARIO STARTED-----------------------
2020-10-15 10:58:13 INFO  BaseStep:23 - SCENARIO NAME : Test Case-8 Validate Shows Screen Collection Trays for Guest User
2020-10-15 10:58:13 INFO  BaseStep:21 - -------------NEW SCENARIO STARTED-----------------------
2020-10-15 10:58:13 INFO  BaseStep:23 - SCENARIO NAME : Test Case-9 Validate Movies Screen Collection Trays for Guest User
2020-10-15 10:58:13 INFO  BaseStep:21 - -------------NEW SCENARIO STARTED-----------------------
2020-10-15 10:58:13 INFO  BaseStep:23 - SCENARIO NAME : Test Case-10 Validate News Screen Collection Trays for Guest User
2020-10-15 10:58:13 INFO  BaseStep:21 - -------------NEW SCENARIO STARTED-----------------------
2020-10-15 10:58:13 INFO  BaseStep:23 - SCENARIO NAME : Test Case-11 Validate Premium Screen Collection Trays for Guest User
2020-10-15 10:58:13 INFO  BaseStep:21 - -------------NEW SCENARIO STARTED-----------------------
2020-10-15 10:58:13 INFO  BaseStep:23 - SCENARIO NAME : Test Case-12 Validate Videos Screen Collection Trays for Guest User
2020-10-15 10:58:13 INFO  BaseStep:21 - -------------NEW SCENARIO STARTED-----------------------
2020-10-15 10:58:13 INFO  BaseStep:23 - SCENARIO NAME : Test Case-13 Verify My Plan Screen for Guest User
2020-10-15 10:58:13 INFO  BaseStep:21 - -------------NEW SCENARIO STARTED-----------------------
2020-10-15 10:58:13 INFO  BaseStep:23 - SCENARIO NAME : TestCase-14 Verify Before TV Pop Up on Clicking BeforeTV Episode for Guest User
2020-10-15 10:58:13 INFO  BaseStep:21 - -------------NEW SCENARIO STARTED-----------------------
2020-10-15 10:58:13 INFO  BaseStep:23 - SCENARIO NAME : TestCase-15 Verify Before TV Pop Up on Clicking BeforeTV Episode for Unsubscribed User
2020-10-15 10:58:13 INFO  BaseStep:21 - -------------NEW SCENARIO STARTED-----------------------
2020-10-15 10:58:13 INFO  BaseStep:23 - SCENARIO NAME : Test Case-16 Login as Subscribed User
2020-10-15 10:58:13 INFO  BaseStep:21 - -------------NEW SCENARIO STARTED-----------------------
2020-10-15 10:58:13 INFO  BaseStep:23 - SCENARIO NAME : Test Case-17 Verify Login Pop Up on Click of Premium Content for Guest User
2020-10-15 10:58:13 INFO  BaseStep:21 - -------------NEW SCENARIO STARTED-----------------------
2020-10-15 10:58:13 INFO  BaseStep:23 - SCENARIO NAME : Test Case-18 Verify Authentication Screen On Click of Login Pop Up of Premium Content for Guest User
2020-10-15 10:58:13 INFO  BaseStep:21 - -------------NEW SCENARIO STARTED-----------------------
2020-10-15 10:58:13 INFO  BaseStep:23 - SCENARIO NAME : TestCase-19 Verify Before TV Pop Up on Auto Play for Guest User
2020-10-15 10:58:13 INFO  BaseStep:21 - -------------NEW SCENARIO STARTED-----------------------
2020-10-15 10:58:13 INFO  BaseStep:23 - SCENARIO NAME : TestCase-20 Verify Player Controls,Metadata,Seekbar,Settings and Reco button in Player for Guest User
2020-10-15 10:58:13 INFO  BaseStep:21 - -------------NEW SCENARIO STARTED-----------------------
2020-10-15 10:58:13 INFO  BaseStep:23 - SCENARIO NAME : Test Case-21 Login as Subscribed User and Logout
2020-10-15 10:58:13 INFO  BaseStep:21 - -------------NEW SCENARIO STARTED-----------------------
2020-10-15 10:58:13 INFO  BaseStep:23 - SCENARIO NAME : TestCase-22 Verify Add Watchlist for Unsubscribed User
2020-10-15 10:58:13 INFO  BaseStep:21 - -------------NEW SCENARIO STARTED-----------------------
2020-10-15 10:58:13 INFO  BaseStep:23 - SCENARIO NAME : TestCase-23 Verify Live TV Channel Playback for Guest User
2020-10-15 10:58:13 INFO  BaseStep:21 - -------------NEW SCENARIO STARTED-----------------------
2020-10-15 10:58:13 INFO  BaseStep:23 - SCENARIO NAME : TestCase-24 Verify Auto Play Screen and Auto Play Content for Guest User
2020-10-15 10:58:13 INFO  BaseStep:21 - -------------NEW SCENARIO STARTED-----------------------
2020-10-15 10:58:13 INFO  BaseStep:23 - SCENARIO NAME : TestCase-25 Verify Cancel in Auto Play Screen for Guest User
2020-10-15 10:58:13 INFO  BaseStep:21 - -------------NEW SCENARIO STARTED-----------------------
2020-10-15 10:58:13 INFO  BaseStep:23 - SCENARIO NAME : TestCase-27 Verify Show Call out Pop up on Back Press during content Playback and Verify Content language gets added
2020-10-15 10:58:13 INFO  BaseStep:21 - -------------NEW SCENARIO STARTED-----------------------
2020-10-15 10:58:13 INFO  BaseStep:23 - SCENARIO NAME : Test Case-28 Verify Home Screen after changing Display language as Tamil for Guest User
2020-10-15 10:58:13 INFO  BaseStep:21 - -------------NEW SCENARIO STARTED-----------------------
2020-10-15 10:58:13 INFO  BaseStep:23 - SCENARIO NAME : Test Case-29 Verify Home Screen after changing Display language as Hindi for Guest User
2020-10-15 10:58:13 INFO  BaseStep:21 - -------------NEW SCENARIO STARTED-----------------------
2020-10-15 10:58:13 INFO  BaseStep:23 - SCENARIO NAME : Test Case-30 Verify Active Plans for Subscribed Users
2020-10-15 10:58:13 INFO  BaseStep:21 - -------------NEW SCENARIO STARTED-----------------------
2020-10-15 10:58:13 INFO  BaseStep:23 - SCENARIO NAME : Test Case-31 Verify Renew Plans for Unsubscribed Users
2020-10-15 10:58:13 INFO  BaseStep:21 - -------------NEW SCENARIO STARTED-----------------------
2020-10-15 10:58:13 INFO  BaseStep:23 - SCENARIO NAME : Test Case-32 Verify Expired Plans for UnSubscribed Users
2020-10-15 10:58:13 INFO  BaseStep:21 - -------------NEW SCENARIO STARTED-----------------------
2020-10-15 10:58:13 INFO  BaseStep:23 - SCENARIO NAME : Test Case-33 Verify Contact Us Screen and Submitt for Subscribed Users
2020-10-15 10:58:13 INFO  BaseStep:21 - -------------NEW SCENARIO STARTED-----------------------
2020-10-15 10:58:13 INFO  BaseStep:23 - SCENARIO NAME : Test Case-34 Verify FAQ's, About Us, Terms of Use, Privacy Policy Screen for Subscribed Users
2020-10-15 10:58:13 INFO  BaseStep:21 - -------------NEW SCENARIO STARTED-----------------------
2020-10-15 10:58:13 INFO  BaseStep:23 - SCENARIO NAME : Test Case-35 Validate Get Premium button in Carousel Banner for Guest User
2020-10-15 10:58:13 INFO  BaseStep:21 - -------------NEW SCENARIO STARTED-----------------------
2020-10-15 10:58:13 INFO  BaseStep:23 - SCENARIO NAME : Test Case-36 Exit the App By Pressing Back button
2020-10-15 10:58:13 INFO  BaseStep:21 - -------------NEW SCENARIO STARTED-----------------------
2020-10-15 10:58:13 INFO  BaseStep:23 - SCENARIO NAME : TestCase-37 Verify Seasons Displaying for Premium Shows
2020-10-15 10:58:13 INFO  BaseStep:21 - -------------NEW SCENARIO STARTED-----------------------
2020-10-15 10:58:13 INFO  BaseStep:23 - SCENARIO NAME : Test Case-38 Verify Search Page Translation after changing Display language as Kannada for Guest User
2020-10-15 10:58:13 INFO  BaseStep:21 - -------------NEW SCENARIO STARTED-----------------------
2020-10-15 10:58:13 INFO  BaseStep:23 - SCENARIO NAME : Test Case-39 Validate All Channels Screen for Guest User
2020-10-15 10:59:58 INFO  BaseStep:21 - -------------NEW SCENARIO STARTED-----------------------
2020-10-15 10:59:58 INFO  BaseStep:23 - SCENARIO NAME : Test Case-1 Verify Spalsh Screen
2020-10-15 11:00:53 INFO  BaseStep:21 - -------------NEW SCENARIO STARTED-----------------------
2020-10-15 11:00:53 INFO  BaseStep:23 - SCENARIO NAME : Test Case-2 Validate WelCome Screen
2020-10-15 11:02:47 INFO  BaseStep:21 - -------------NEW SCENARIO STARTED-----------------------
2020-10-15 11:02:47 INFO  BaseStep:23 - SCENARIO NAME : Test Case-3 Validate Home Screen as Guest User By Clicking Skip Button and get App Version
2020-10-15 11:04:41 INFO  BaseStep:21 - -------------NEW SCENARIO STARTED-----------------------
2020-10-15 11:04:41 INFO  BaseStep:23 - SCENARIO NAME : Test Case-4 Validate Home Screen as Guest User By Pressing RCU Back Button
2020-10-15 11:06:36 INFO  BaseStep:21 - -------------NEW SCENARIO STARTED-----------------------
2020-10-15 11:06:36 INFO  BaseStep:23 - SCENARIO NAME : Test Case-5 Validate Search Screen
2020-10-15 11:08:30 INFO  BaseStep:21 - -------------NEW SCENARIO STARTED-----------------------
2020-10-15 11:08:30 INFO  BaseStep:23 - SCENARIO NAME : Test Case-6 Verify Search Shows in Search Screen as Guest User
2020-10-15 11:10:24 INFO  BaseStep:21 - -------------NEW SCENARIO STARTED-----------------------
2020-10-15 11:10:24 INFO  BaseStep:23 - SCENARIO NAME : Test Case-7 Validate Home Screen Collection Trays for Guest User
2020-10-15 11:12:20 INFO  BaseStep:21 - -------------NEW SCENARIO STARTED-----------------------
2020-10-15 11:12:20 INFO  BaseStep:23 - SCENARIO NAME : Test Case-8 Validate Shows Screen Collection Trays for Guest User
2020-10-15 11:14:15 INFO  BaseStep:21 - -------------NEW SCENARIO STARTED-----------------------
2020-10-15 11:14:15 INFO  BaseStep:23 - SCENARIO NAME : Test Case-9 Validate Movies Screen Collection Trays for Guest User
2020-10-15 11:16:13 INFO  BaseStep:21 - -------------NEW SCENARIO STARTED-----------------------
2020-10-15 11:16:13 INFO  BaseStep:23 - SCENARIO NAME : Test Case-10 Validate News Screen Collection Trays for Guest User
2020-10-15 11:18:41 INFO  BaseStep:21 - -------------NEW SCENARIO STARTED-----------------------
2020-10-15 11:18:41 INFO  BaseStep:23 - SCENARIO NAME : Test Case-11 Validate Premium Screen Collection Trays for Guest User
2020-10-15 11:20:55 INFO  BaseStep:21 - -------------NEW SCENARIO STARTED-----------------------
2020-10-15 11:20:55 INFO  BaseStep:23 - SCENARIO NAME : Test Case-12 Validate Videos Screen Collection Trays for Guest User
2020-10-15 11:22:51 INFO  BaseStep:21 - -------------NEW SCENARIO STARTED-----------------------
2020-10-15 11:22:51 INFO  BaseStep:23 - SCENARIO NAME : Test Case-13 Verify My Plan Screen for Guest User
2020-10-15 11:24:46 INFO  BaseStep:21 - -------------NEW SCENARIO STARTED-----------------------
2020-10-15 11:24:46 INFO  BaseStep:23 - SCENARIO NAME : TestCase-14 Verify Before TV Pop Up on Clicking BeforeTV Episode for Guest User
2020-10-15 11:26:41 INFO  BaseStep:21 - -------------NEW SCENARIO STARTED-----------------------
2020-10-15 11:26:41 INFO  BaseStep:23 - SCENARIO NAME : TestCase-15 Verify Before TV Pop Up on Clicking BeforeTV Episode for Unsubscribed User
2020-10-15 11:28:36 INFO  BaseStep:21 - -------------NEW SCENARIO STARTED-----------------------
2020-10-15 11:28:36 INFO  BaseStep:23 - SCENARIO NAME : Test Case-16 Login as Subscribed User
2020-10-15 14:28:21 INFO  BaseStep:21 - -------------NEW SCENARIO STARTED-----------------------
2020-10-15 14:28:21 INFO  BaseStep:23 - SCENARIO NAME : Test Case-17 Verify Login Pop Up on Click of Premium Content for Guest User
2020-10-15 14:28:22 INFO  BaseStep:21 - -------------NEW SCENARIO STARTED-----------------------
2020-10-15 14:28:22 INFO  BaseStep:23 - SCENARIO NAME : Test Case-18 Verify Authentication Screen On Click of Login Pop Up of Premium Content for Guest User
2020-10-15 17:33:16 INFO  BaseStep:21 - -------------NEW SCENARIO STARTED-----------------------
2020-10-15 17:33:16 INFO  BaseStep:23 - SCENARIO NAME : Test Case-1 Verify Spalsh Screen
2020-10-15 17:33:49 INFO  BaseStep:21 - -------------NEW SCENARIO STARTED-----------------------
2020-10-15 17:33:49 INFO  BaseStep:23 - SCENARIO NAME : Test Case-2 Validate WelCome Screen
2020-10-15 17:34:06 INFO  BaseStep:21 - -------------NEW SCENARIO STARTED-----------------------
2020-10-15 17:34:06 INFO  BaseStep:23 - SCENARIO NAME : Test Case-3 Validate Home Screen as Guest User By Clicking Skip Button and get App Version
2020-10-15 17:34:48 INFO  BaseStep:21 - -------------NEW SCENARIO STARTED-----------------------
2020-10-15 17:34:48 INFO  BaseStep:23 - SCENARIO NAME : Test Case-4 Validate Home Screen as Guest User By Pressing RCU Back Button
2020-10-15 17:35:21 INFO  BaseStep:21 - -------------NEW SCENARIO STARTED-----------------------
2020-10-15 17:35:21 INFO  BaseStep:23 - SCENARIO NAME : Test Case-5 Validate Search Screen
2023-10-23 17:26:53 INFO  BaseStep:21 - -------------NEW SCENARIO STARTED-----------------------
2023-10-23 17:26:53 INFO  BaseStep:23 - SCENARIO NAME : Test Case-1 Verify Spalsh Screen
2023-10-23 17:28:04 INFO  BaseStep:21 - -------------NEW SCENARIO STARTED-----------------------
2023-10-23 17:28:04 INFO  BaseStep:23 - SCENARIO NAME : Test Case-1 Verify Spalsh Screen
2023-10-23 17:30:01 INFO  BaseStep:21 - -------------NEW SCENARIO STARTED-----------------------
2023-10-23 17:30:01 INFO  BaseStep:23 - SCENARIO NAME : Test Case-1 Verify Spalsh Screen
2023-10-23 17:33:39 INFO  BaseStep:21 - -------------NEW SCENARIO STARTED-----------------------
2023-10-23 17:33:39 INFO  BaseStep:23 - SCENARIO NAME : Test Case-1 Verify Spalsh Screen
2023-10-23 17:35:08 INFO  BaseStep:21 - -------------NEW SCENARIO STARTED-----------------------
2023-10-23 17:35:08 INFO  BaseStep:23 - SCENARIO NAME : Test Case-1 Verify Spalsh Screen
2023-10-23 17:39:19 INFO  BaseStep:21 - -------------NEW SCENARIO STARTED-----------------------
2023-10-23 17:39:19 INFO  BaseStep:23 - SCENARIO NAME : Test Case-1 Verify Spalsh Screen
2023-10-23 17:40:27 INFO  BaseStep:21 - -------------NEW SCENARIO STARTED-----------------------
2023-10-23 17:40:27 INFO  BaseStep:23 - SCENARIO NAME : Test Case-1 Verify Spalsh Screen
2023-10-23 17:44:34 INFO  BaseStep:21 - -------------NEW SCENARIO STARTED-----------------------
2023-10-23 17:44:34 INFO  BaseStep:23 - SCENARIO NAME : Test Case-1 Verify Spalsh Screen
2023-10-23 17:58:57 INFO  BaseStep:21 - -------------NEW SCENARIO STARTED-----------------------
2023-10-23 17:58:57 INFO  BaseStep:23 - SCENARIO NAME : Test Case-1 Verify Spalsh Screen
2023-10-23 21:37:15 INFO  BaseStep:21 - -------------NEW SCENARIO STARTED-----------------------
2023-10-23 21:37:15 INFO  BaseStep:23 - SCENARIO NAME : TestCase-1 Verify Before TV Pop Up on Clicking BeforeTV Episode for Unsubscribed User
2023-10-23 21:40:51 INFO  BaseStep:21 - -------------NEW SCENARIO STARTED-----------------------
2023-10-23 21:40:51 INFO  BaseStep:23 - SCENARIO NAME : TestCase-1 Verify Before TV Pop Up on Clicking BeforeTV Episode for Unsubscribed User
2023-10-23 23:07:31 INFO  BaseStep:21 - -------------NEW SCENARIO STARTED-----------------------
2023-10-23 23:07:31 INFO  BaseStep:23 - SCENARIO NAME : TestCase-1 Verify Before TV Pop Up on Clicking BeforeTV Episode for Unsubscribed User
2023-10-23 23:13:51 INFO  BaseStep:21 - -------------NEW SCENARIO STARTED-----------------------
2023-10-23 23:13:51 INFO  BaseStep:23 - SCENARIO NAME : TestCase-1 Verify Before TV Pop Up on Clicking BeforeTV Episode for Unsubscribed User
2023-10-23 23:17:06 INFO  BaseStep:21 - -------------NEW SCENARIO STARTED-----------------------
2023-10-23 23:17:06 INFO  BaseStep:23 - SCENARIO NAME : TestCase-1 Verify Before TV Pop Up on Clicking BeforeTV Episode for Unsubscribed User
2023-10-23 23:18:27 INFO  BaseStep:21 - -------------NEW SCENARIO STARTED-----------------------
2023-10-23 23:18:27 INFO  BaseStep:23 - SCENARIO NAME : TestCase-1 Verify Before TV Pop Up on Clicking BeforeTV Episode for Unsubscribed User
2023-10-23 23:20:14 INFO  BaseStep:21 - -------------NEW SCENARIO STARTED-----------------------
2023-10-23 23:20:14 INFO  BaseStep:23 - SCENARIO NAME : TestCase-1 Verify Before TV Pop Up on Clicking BeforeTV Episode for Unsubscribed User
2023-10-23 23:21:30 INFO  BaseStep:21 - -------------NEW SCENARIO STARTED-----------------------
2023-10-23 23:21:30 INFO  BaseStep:23 - SCENARIO NAME : TestCase-1 Verify Before TV Pop Up on Clicking BeforeTV Episode for Unsubscribed User
